<?xml version="1.0" encoding="UTF-8"?>
<!-- Generated by org.testng.reporters.JUnitReportReporter -->
<testsuite hostname="DESKTOP-APIDJLV" failures="0" tests="1" name="com.automation.Guru99.Scripts.LoginTest" time="4.966" errors="0" timestamp="2021-05-10T21:38:38 IST" skipped="0">
  <testcase classname="com.automation.Guru99.Scripts.LoginTest" name="GURULoginTest" time="4.966"/>
  <system-out/>
</testsuite> <!-- com.automation.Guru99.Scripts.LoginTest -->
