<?xml version="1.0" encoding="UTF-8"?>
<!-- Generated by org.testng.reporters.JUnitReportReporter -->
<testsuite hostname="DESKTOP-APIDJLV" failures="0" tests="1" name="com.automation.opencartTestScripts.Opencart_LaptopNotebooks_AtoZ" time="11.517" errors="0" timestamp="2021-05-08T00:17:15 IST" skipped="0">
  <testcase classname="com.automation.opencartTestScripts.Opencart_LaptopNotebooks_AtoZ" name="All_Lpatop_notebooks_in_AscendingOrder" time="11.517"/>
  <system-out/>
</testsuite> <!-- com.automation.opencartTestScripts.Opencart_LaptopNotebooks_AtoZ -->
