<?xml version="1.0" encoding="UTF-8"?>
<!-- Generated by org.testng.reporters.JUnitReportReporter -->
<testsuite hostname="DESKTOP-APIDJLV" failures="0" tests="1" name="com.automation.scripts.Demo" time="3.631" errors="0" timestamp="2021-05-10T23:50:45 IST" skipped="0">
  <testcase classname="com.automation.scripts.Demo" name="Gmail" time="3.631"/>
  <system-out/>
</testsuite> <!-- com.automation.scripts.Demo -->
