<?xml version="1.0" encoding="UTF-8"?>
<!-- Generated by org.testng.reporters.JUnitReportReporter -->
<testsuite hostname="DESKTOP-APIDJLV" failures="0" tests="1" name="com.automation.opencartTestScripts.Opencart_LaptopNotebooks_ZtoA" time="11.729" errors="0" timestamp="2021-05-09T13:17:36 IST" skipped="0">
  <testcase classname="com.automation.opencartTestScripts.Opencart_LaptopNotebooks_ZtoA" name="All_Lpatop_notebooks_in_DecendingOrder" time="11.729"/>
  <system-out/>
</testsuite> <!-- com.automation.opencartTestScripts.Opencart_LaptopNotebooks_ZtoA -->
