<?xml version="1.0" encoding="UTF-8"?>
<!-- Generated by org.testng.reporters.JUnitReportReporter -->
<testsuite hostname="DESKTOP-APIDJLV" failures="0" tests="1" name="com.automation.Guru99.Scripts.Guru99_LoginTest" time="7.543" errors="0" timestamp="2021-05-11T13:32:03 IST" skipped="0">
  <testcase classname="com.automation.Guru99.Scripts.Guru99_LoginTest" name="Guru99LoginTest" time="7.543"/>
  <system-out/>
</testsuite> <!-- com.automation.Guru99.Scripts.Guru99_LoginTest -->
