<?xml version="1.0" encoding="UTF-8"?>
<!-- Generated by org.testng.reporters.JUnitReportReporter -->
<testsuite hostname="DESKTOP-APIDJLV" failures="0" tests="1" name="com.automation.opencartTestScripts.Opencart_LaptopNotebooks" time="11.327" errors="0" timestamp="2021-05-07T23:40:21 IST" skipped="0">
  <testcase classname="com.automation.opencartTestScripts.Opencart_LaptopNotebooks" name="All_Lpatop_notebooks_in_AscendingOrder" time="11.327"/>
  <system-out/>
</testsuite> <!-- com.automation.opencartTestScripts.Opencart_LaptopNotebooks -->
