<?xml version="1.0" encoding="UTF-8"?>
<!-- Generated by org.testng.reporters.JUnitReportReporter -->
<testsuite hostname="DESKTOP-APIDJLV" failures="0" tests="1" name="com.automation.scripts.PopUpsTest" time="4.827" errors="0" timestamp="2021-05-10T10:28:09 IST" skipped="0">
  <testcase classname="com.automation.scripts.PopUpsTest" name="POPUP" time="4.827"/>
  <system-out/>
</testsuite> <!-- com.automation.scripts.PopUpsTest -->
