<?xml version="1.0" encoding="UTF-8"?>
<!-- Generated by org.testng.reporters.JUnitReportReporter -->
<testsuite hostname="DESKTOP-APIDJLV" failures="0" tests="1" name="com.automation.opencartTestScripts.Opencart_registratio_TestCase" time="8.084" errors="0" timestamp="2021-05-07T15:56:16 IST" skipped="0">
  <testcase classname="com.automation.opencartTestScripts.Opencart_registratio_TestCase" name="OPencartRegistration" time="8.084"/>
  <system-out/>
</testsuite> <!-- com.automation.opencartTestScripts.Opencart_registratio_TestCase -->
