<?xml version="1.0" encoding="UTF-8"?>
<!-- Generated by org.testng.reporters.JUnitReportReporter -->
<testsuite hostname="DESKTOP-APIDJLV" failures="0" tests="1" name="com.automation.scripts.FireFoxTest" time="10.333" errors="0" timestamp="2021-05-11T00:01:56 IST" skipped="0">
  <testcase classname="com.automation.scripts.FireFoxTest" name="FireFox" time="10.333"/>
  <system-out/>
</testsuite> <!-- com.automation.scripts.FireFoxTest -->
