<?xml version="1.0" encoding="UTF-8"?>
<!-- Generated by org.testng.reporters.JUnitReportReporter -->
<testsuite hostname="DESKTOP-APIDJLV" failures="0" tests="1" name="com.automation.scripts.PhoneNumberTest" time="0.685" errors="0" timestamp="2021-05-09T19:53:49 IST" skipped="0">
  <testcase classname="com.automation.scripts.PhoneNumberTest" name="phoneNumber" time="0.685"/>
  <system-out/>
</testsuite> <!-- com.automation.scripts.PhoneNumberTest -->
