<?xml version="1.0" encoding="UTF-8"?>
<!-- Generated by org.testng.reporters.JUnitReportReporter -->
<testsuite hostname="DESKTOP-APIDJLV" failures="0" tests="3" name="com.automation.scripts.DataProviderDemo" time="0.012" errors="0" timestamp="2021-05-07T01:04:11 IST" skipped="0">
  <testcase classname="com.automation.scripts.DataProviderDemo" name="Display" time="0.002"/>
  <system-out/>
  <testcase classname="com.automation.scripts.DataProviderDemo" name="Display" time="0.009"/>
  <system-out/>
  <testcase classname="com.automation.scripts.DataProviderDemo" name="Display" time="0.001"/>
  <system-out/>
</testsuite> <!-- com.automation.scripts.DataProviderDemo -->
